Traceback (most recent call last):
  File "/usr/lib/python3.12/pathlib.py", line 441, in __str__
    return self._str
           ^^^^^^^^^
AttributeError: 'PosixPath' object has no attribute '_str'

During handling of the above exception, another exception occurred:

Traceback (most recent call last):
  File "/usr/lib/python3.12/pathlib.py", line 555, in drive
    return self._drv
           ^^^^^^^^^
AttributeError: 'PosixPath' object has no attribute '_drv'

During handling of the above exception, another exception occurred:

Traceback (most recent call last):
  File "/home/tomccd/Documents/Code/Python/DATN/build/custom_interfaces/ament_cmake_python/custom_interfaces/setup.py", line 4, in <module>
gmake[1]: *** [CMakeFiles/Makefile2:622: custom_interfaces__py/CMakeFiles/custom_interfaces__py.dir/all] Interrupt
    setup(
  File "/usr/lib/python3/dist-packages/setuptools/__init__.py", line 107, in setup
    return distutils.core.setup(**attrs)
           ^^^^^^^^^^^^^^^^^^^^^^^^^^^^^
  File "/usr/lib/python3/dist-packages/setuptools/_distutils/core.py", line 147, in setup
    _setup_distribution = dist = klass(attrs)
                                 ^^^^^^^^^^^^
  File "/usr/lib/python3/dist-packages/setuptools/dist.py", line 485, in __init__
    _Distribution.__init__(
  File "/usr/lib/python3/dist-packages/setuptools/_distutils/dist.py", line 283, in __init__
    self.finalize_options()
  File "/usr/lib/python3/dist-packages/setuptools/dist.py", line 922, in finalize_options
    defined = metadata.entry_points(group=group)
              ^^^^^^^^^^^^^^^^^^^^^^^^^^^^^^^^^^
  File "/usr/lib/python3.12/importlib/metadata/__init__.py", line 913, in entry_points
    return EntryPoints(eps).select(**params)
           ^^^^^^^^^^^^^^^^
  File "/usr/lib/python3.12/importlib/metadata/__init__.py", line 911, in <genexpr>
    dist.entry_points for dist in _unique(distributions())
    ^^^^^^^^^^^^^^^^^
  File "/usr/lib/python3.12/importlib/metadata/__init__.py", line 471, in entry_points
    return EntryPoints._from_text_for(self.read_text('entry_points.txt'), self)
                                      ^^^^^^^^^^^^^^^^^^^^^^^^^^^^^^^^^^
  File "/usr/lib/python3.12/importlib/metadata/__init__.py", line 819, in read_text
    return self._path.joinpath(filename).read_text(encoding='utf-8')
           ^^^^^^^^^^^^^^^^^^^^^^^^^^^^^^^^^^^^^^^^^^^^^^^^^^^^^^^^^
  File "/usr/lib/python3.12/pathlib.py", line 1029, in read_text
    with self.open(mode='r', encoding=encoding, errors=errors) as f:
         ^^^^^^^^^^^^^^^^^^^^^^^^^^^^^^^^^^^^^^^^^^^^^^^^^^^^^
  File "/usr/lib/python3.12/pathlib.py", line 1015, in open
    return io.open(self, mode, buffering, encoding, errors, newline)
           ^^^^^^^^^^^^^^^^^^^^^^^^^^^^^^^^^^^^^^^^^^^^^^^^^^^^^^^^^
  File "/usr/lib/python3.12/pathlib.py", line 448, in __fspath__
    return str(self)
           ^^^^^^^^^
  File "/usr/lib/python3.12/pathlib.py", line 443, in __str__
    self._str = self._format_parsed_parts(self.drive, self.root,
                                          ^^^^^^^^^^
  File "/usr/lib/python3.12/pathlib.py", line 557, in drive
    self._load_parts()
  File "/usr/lib/python3.12/pathlib.py", line 407, in _load_parts
    def _load_parts(self):

KeyboardInterrupt
gmake[2]: *** [CMakeFiles/ament_cmake_python_build_custom_interfaces_egg.dir/build.make:70: CMakeFiles/ament_cmake_python_build_custom_interfaces_egg] Interrupt
gmake[1]: *** [CMakeFiles/Makefile2:478: CMakeFiles/ament_cmake_python_build_custom_interfaces_egg.dir/all] Interrupt
gmake: *** [Makefile:146: all] Interrupt
