[0.000000] (-) TimerEvent: {}
[0.000863] (custom_interfaces) JobQueued: {'identifier': 'custom_interfaces', 'dependencies': OrderedDict()}
[0.001193] (module_input) JobQueued: {'identifier': 'module_input', 'dependencies': OrderedDict({'custom_interfaces': '/home/tomccd/Documents/Code/Python/DATN/install/custom_interfaces'})}
[0.001475] (module_log_file) JobQueued: {'identifier': 'module_log_file', 'dependencies': OrderedDict({'custom_interfaces': '/home/tomccd/Documents/Code/Python/DATN/install/custom_interfaces'})}
[0.001620] (module_motor) JobQueued: {'identifier': 'module_motor', 'dependencies': OrderedDict({'custom_interfaces': '/home/tomccd/Documents/Code/Python/DATN/install/custom_interfaces'})}
[0.002126] (module_scanning_interface) JobQueued: {'identifier': 'module_scanning_interface', 'dependencies': OrderedDict({'custom_interfaces': '/home/tomccd/Documents/Code/Python/DATN/install/custom_interfaces'})}
[0.002309] (module_supervisor) JobQueued: {'identifier': 'module_supervisor', 'dependencies': OrderedDict({'custom_interfaces': '/home/tomccd/Documents/Code/Python/DATN/install/custom_interfaces'})}
[0.002431] (module_weigh) JobQueued: {'identifier': 'module_weigh', 'dependencies': OrderedDict({'custom_interfaces': '/home/tomccd/Documents/Code/Python/DATN/install/custom_interfaces'})}
[0.002589] (launch_system) JobQueued: {'identifier': 'launch_system', 'dependencies': OrderedDict({'custom_interfaces': '/home/tomccd/Documents/Code/Python/DATN/install/custom_interfaces', 'module_input': '/home/tomccd/Documents/Code/Python/DATN/install/module_input', 'module_log_file': '/home/tomccd/Documents/Code/Python/DATN/install/module_log_file', 'module_motor': '/home/tomccd/Documents/Code/Python/DATN/install/module_motor', 'module_scanning_interface': '/home/tomccd/Documents/Code/Python/DATN/install/module_scanning_interface', 'module_supervisor': '/home/tomccd/Documents/Code/Python/DATN/install/module_supervisor', 'module_weigh': '/home/tomccd/Documents/Code/Python/DATN/install/module_weigh'})}
[0.002877] (custom_interfaces) JobStarted: {'identifier': 'custom_interfaces'}
[0.053450] (custom_interfaces) JobProgress: {'identifier': 'custom_interfaces', 'progress': 'cmake'}
[0.059963] (custom_interfaces) JobProgress: {'identifier': 'custom_interfaces', 'progress': 'build'}
[0.064696] (custom_interfaces) Command: {'cmd': ['/usr/bin/cmake', '--build', '/home/tomccd/Documents/Code/Python/DATN/build/custom_interfaces', '--', '-j4', '-l4'], 'cwd': '/home/tomccd/Documents/Code/Python/DATN/build/custom_interfaces', 'env': OrderedDict({'LESSOPEN': '| /usr/bin/lesspipe %s', 'USER': 'tomccd', 'SSH_CLIENT': '100.118.255.2 55186 22', 'XDG_SESSION_TYPE': 'tty', 'GIT_ASKPASS': '/home/tomccd/.vscode-server/cli/servers/Stable-e8653663e8840adaf45af01eab5c627a5af81807/server/extensions/git/dist/askpass.sh', 'SHLVL': '1', 'LD_LIBRARY_PATH': '/home/tomccd/Documents/Code/Python/DATN/install/custom_interfaces/lib:/opt/ros/jazzy/opt/rviz_ogre_vendor/lib:/opt/ros/jazzy/lib/aarch64-linux-gnu:/opt/ros/jazzy/opt/gz_math_vendor/lib:/opt/ros/jazzy/opt/gz_utils_vendor/lib:/opt/ros/jazzy/opt/gz_cmake_vendor/lib:/opt/ros/jazzy/lib', 'BROWSER': '/home/tomccd/.vscode-server/cli/servers/Stable-e8653663e8840adaf45af01eab5c627a5af81807/server/bin/helpers/browser.sh', 'HOME': '/home/tomccd', 'OLDPWD': '/home/tomccd/Documents/Code/Python/DATN/install', 'TERM_PROGRAM_VERSION': '1.95.2', 'VSCODE_IPC_HOOK_CLI': '/run/user/1002/vscode-ipc-781ff86f-f15f-465f-a2d2-97315e5f7daf.sock', 'ROS_PYTHON_VERSION': '3', 'VSCODE_GIT_ASKPASS_MAIN': '/home/tomccd/.vscode-server/cli/servers/Stable-e8653663e8840adaf45af01eab5c627a5af81807/server/extensions/git/dist/askpass-main.js', 'VSCODE_GIT_ASKPASS_NODE': '/home/tomccd/.vscode-server/cli/servers/Stable-e8653663e8840adaf45af01eab5c627a5af81807/server/node', 'SSL_CERT_FILE': '/usr/lib/ssl/cert.pem', 'DBUS_SESSION_BUS_ADDRESS': 'unix:path=/run/user/1002/bus', 'COLORTERM': 'truecolor', 'COLCON_PREFIX_PATH': '/home/tomccd/Documents/Code/Python/DATN/install', 'ROS_DISTRO': 'jazzy', 'LOGNAME': 'tomccd', '_': '/usr/bin/colcon', 'ROS_VERSION': '2', 'XDG_SESSION_CLASS': 'user', 'TERM': 'xterm-256color', 'XDG_SESSION_ID': '3', 'PATH': '/home/tomccd/.local/bin:/opt/ros/jazzy/bin:/home/tomccd/miniforge3/bin:/home/tomccd/miniconda3/bin:/home/tomccd/.vscode-server/cli/servers/Stable-e8653663e8840adaf45af01eab5c627a5af81807/server/bin/remote-cli:/usr/local/sbin:/usr/local/bin:/usr/sbin:/usr/bin:/sbin:/bin:/usr/games:/usr/local/games:/snap/bin:/opt/mssql-tools18/bin:/opt/mssql-tools18/bin:/opt/mssql-tools18/bin:/opt/mssql-tools18/bin:/opt/mssql-tools18/bin', 'XDG_RUNTIME_DIR': '/run/user/1002', 'SSL_CERT_DIR': '/usr/lib/ssl/certs', 'LANG': 'C.UTF-8', 'LS_COLORS': 'rs=0:di=01;34:ln=01;36:mh=00:pi=40;33:so=01;35:do=01;35:bd=40;33;01:cd=40;33;01:or=40;31;01:mi=00:su=37;41:sg=30;43:ca=00:tw=30;42:ow=34;42:st=37;44:ex=01;32:*.tar=01;31:*.tgz=01;31:*.arc=01;31:*.arj=01;31:*.taz=01;31:*.lha=01;31:*.lz4=01;31:*.lzh=01;31:*.lzma=01;31:*.tlz=01;31:*.txz=01;31:*.tzo=01;31:*.t7z=01;31:*.zip=01;31:*.z=01;31:*.dz=01;31:*.gz=01;31:*.lrz=01;31:*.lz=01;31:*.lzo=01;31:*.xz=01;31:*.zst=01;31:*.tzst=01;31:*.bz2=01;31:*.bz=01;31:*.tbz=01;31:*.tbz2=01;31:*.tz=01;31:*.deb=01;31:*.rpm=01;31:*.jar=01;31:*.war=01;31:*.ear=01;31:*.sar=01;31:*.rar=01;31:*.alz=01;31:*.ace=01;31:*.zoo=01;31:*.cpio=01;31:*.7z=01;31:*.rz=01;31:*.cab=01;31:*.wim=01;31:*.swm=01;31:*.dwm=01;31:*.esd=01;31:*.avif=01;35:*.jpg=01;35:*.jpeg=01;35:*.mjpg=01;35:*.mjpeg=01;35:*.gif=01;35:*.bmp=01;35:*.pbm=01;35:*.pgm=01;35:*.ppm=01;35:*.tga=01;35:*.xbm=01;35:*.xpm=01;35:*.tif=01;35:*.tiff=01;35:*.png=01;35:*.svg=01;35:*.svgz=01;35:*.mng=01;35:*.pcx=01;35:*.mov=01;35:*.mpg=01;35:*.mpeg=01;35:*.m2v=01;35:*.mkv=01;35:*.webm=01;35:*.webp=01;35:*.ogm=01;35:*.mp4=01;35:*.m4v=01;35:*.mp4v=01;35:*.vob=01;35:*.qt=01;35:*.nuv=01;35:*.wmv=01;35:*.asf=01;35:*.rm=01;35:*.rmvb=01;35:*.flc=01;35:*.avi=01;35:*.fli=01;35:*.flv=01;35:*.gl=01;35:*.dl=01;35:*.xcf=01;35:*.xwd=01;35:*.yuv=01;35:*.cgm=01;35:*.emf=01;35:*.ogv=01;35:*.ogx=01;35:*.aac=00;36:*.au=00;36:*.flac=00;36:*.m4a=00;36:*.mid=00;36:*.midi=00;36:*.mka=00;36:*.mp3=00;36:*.mpc=00;36:*.ogg=00;36:*.ra=00;36:*.wav=00;36:*.oga=00;36:*.opus=00;36:*.spx=00;36:*.xspf=00;36:*~=00;90:*#=00;90:*.bak=00;90:*.crdownload=00;90:*.dpkg-dist=00;90:*.dpkg-new=00;90:*.dpkg-old=00;90:*.dpkg-tmp=00;90:*.old=00;90:*.orig=00;90:*.part=00;90:*.rej=00;90:*.rpmnew=00;90:*.rpmorig=00;90:*.rpmsave=00;90:*.swp=00;90:*.tmp=00;90:*.ucf-dist=00;90:*.ucf-new=00;90:*.ucf-old=00;90:', 'VSCODE_GIT_IPC_HANDLE': '/run/user/1002/vscode-git-aee1f01e27.sock', 'TERM_PROGRAM': 'vscode', 'AMENT_PREFIX_PATH': '/home/tomccd/Documents/Code/Python/DATN/install/launch_system:/home/tomccd/Documents/Code/Python/DATN/install/module_weigh:/home/tomccd/Documents/Code/Python/DATN/install/module_supervisor:/home/tomccd/Documents/Code/Python/DATN/install/module_scanning_interface:/home/tomccd/Documents/Code/Python/DATN/install/module_motor:/home/tomccd/Documents/Code/Python/DATN/install/module_log_file:/home/tomccd/Documents/Code/Python/DATN/install/module_input:/home/tomccd/Documents/Code/Python/DATN/install/custom_interfaces:/opt/ros/jazzy', 'SHELL': '/bin/bash', 'LESSCLOSE': '/usr/bin/lesspipe %s %s', 'ROS_AUTOMATIC_DISCOVERY_RANGE': 'SUBNET', 'VSCODE_GIT_ASKPASS_EXTRA_ARGS': '', 'PWD': '/home/tomccd/Documents/Code/Python/DATN/build/custom_interfaces', 'SSH_CONNECTION': '100.118.255.2 55186 100.108.95.105 22', 'PYTHONPATH': '/home/tomccd/Documents/Code/Python/DATN/install/module_weigh/lib/python3.12/site-packages:/home/tomccd/Documents/Code/Python/DATN/install/module_supervisor/lib/python3.12/site-packages:/home/tomccd/Documents/Code/Python/DATN/install/module_scanning_interface/lib/python3.12/site-packages:/home/tomccd/Documents/Code/Python/DATN/install/module_motor/lib/python3.12/site-packages:/home/tomccd/Documents/Code/Python/DATN/install/module_input/lib/python3.12/site-packages:/home/tomccd/Documents/Code/Python/DATN/install/custom_interfaces/lib/python3.12/site-packages:/opt/ros/jazzy/lib/python3.12/site-packages', 'COLCON': '1', 'CMAKE_PREFIX_PATH': '/home/tomccd/Documents/Code/Python/DATN/install/launch_system:/home/tomccd/Documents/Code/Python/DATN/install/module_log_file:/home/tomccd/Documents/Code/Python/DATN/install/custom_interfaces:/opt/ros/jazzy/opt/gz_math_vendor:/opt/ros/jazzy/opt/gz_utils_vendor:/opt/ros/jazzy/opt/gz_cmake_vendor:/home/tomccd/Documents/Code/Python/DATN/install/module_weigh:/home/tomccd/Documents/Code/Python/DATN/install/module_supervisor:/home/tomccd/Documents/Code/Python/DATN/install/module_scanning_interface:/home/tomccd/Documents/Code/Python/DATN/install/module_motor:/home/tomccd/Documents/Code/Python/DATN/install/module_input:/opt/ros/jazzy'}), 'shell': False}
[0.102950] (-) TimerEvent: {}
[0.205358] (-) TimerEvent: {}
[0.308123] (-) TimerEvent: {}
[0.411769] (-) TimerEvent: {}
[0.514518] (-) TimerEvent: {}
[0.571194] (custom_interfaces) StdoutLine: {'line': b'[  1%] Built target custom_interfaces__rosidl_generator_type_description\n'}
[0.618025] (-) TimerEvent: {}
[0.643029] (custom_interfaces) StdoutLine: {'line': b'[  1%] Built target ament_cmake_python_copy_custom_interfaces\n'}
[0.718265] (-) TimerEvent: {}
[0.822543] (-) TimerEvent: {}
[0.897317] (custom_interfaces) StdoutLine: {'line': b'[ 25%] Built target custom_interfaces__rosidl_generator_c\n'}
[0.909693] (custom_interfaces) StdoutLine: {'line': b'[ 26%] Built target custom_interfaces__cpp\n'}
[0.936267] (-) TimerEvent: {}
[1.043969] (-) TimerEvent: {}
[1.145464] (-) TimerEvent: {}
[1.252241] (-) TimerEvent: {}
[1.353607] (-) TimerEvent: {}
[1.464928] (-) TimerEvent: {}
[1.515557] (custom_interfaces) StdoutLine: {'line': b'[ 41%] Built target custom_interfaces__rosidl_typesupport_fastrtps_c\n'}
[1.543184] (custom_interfaces) StdoutLine: {'line': b'[ 45%] Built target custom_interfaces__rosidl_typesupport_c\n'}
[1.553650] (custom_interfaces) StdoutLine: {'line': b'[ 54%] Built target custom_interfaces__rosidl_typesupport_introspection_c\n'}
[1.570237] (-) TimerEvent: {}
[1.679465] (-) TimerEvent: {}
[1.780508] (-) TimerEvent: {}
[1.883552] (-) TimerEvent: {}
[1.912150] (custom_interfaces) StdoutLine: {'line': b'[ 64%] Built target custom_interfaces__rosidl_typesupport_fastrtps_cpp\n'}
[1.983996] (-) TimerEvent: {}
[2.044473] (custom_interfaces) StdoutLine: {'line': b'[ 73%] Built target custom_interfaces__rosidl_typesupport_introspection_cpp\n'}
[2.085205] (-) TimerEvent: {}
[2.193275] (-) TimerEvent: {}
[2.300790] (-) TimerEvent: {}
[2.405525] (-) TimerEvent: {}
[2.509200] (-) TimerEvent: {}
[2.613616] (-) TimerEvent: {}
[2.626468] (custom_interfaces) StdoutLine: {'line': b'[ 83%] Built target custom_interfaces__rosidl_typesupport_cpp\n'}
[2.725354] (-) TimerEvent: {}
[2.839265] (-) TimerEvent: {}
[2.914296] (custom_interfaces) StdoutLine: {'line': b'[ 83%] Built target custom_interfaces\n'}
[2.953287] (-) TimerEvent: {}
[3.056370] (-) TimerEvent: {}
[3.160304] (-) TimerEvent: {}
[3.265294] (-) TimerEvent: {}
[3.373416] (custom_interfaces) StderrLine: {'line': b'Traceback (most recent call last):\n'}
[3.382219] (-) TimerEvent: {}
[3.395714] (custom_interfaces) StderrLine: {'line': b'  File "/usr/lib/python3.12/pathlib.py", line 441, in __str__\n'}
[3.407395] (custom_interfaces) StderrLine: {'line': b'    return self._str\n'}
[3.411745] (custom_interfaces) StderrLine: {'line': b'           ^^^^^^^^^\n'}
[3.425931] (custom_interfaces) StderrLine: {'line': b"AttributeError: 'PosixPath' object has no attribute '_str'\n"}
[3.435550] (custom_interfaces) StderrLine: {'line': b'\n'}
[3.468202] (custom_interfaces) StderrLine: {'line': b'During handling of the above exception, another exception occurred:\n'}
[3.469979] (custom_interfaces) StderrLine: {'line': b'\n'}
[3.481327] (custom_interfaces) StderrLine: {'line': b'Traceback (most recent call last):\n'}
[3.482382] (-) TimerEvent: {}
[3.498416] (custom_interfaces) StderrLine: {'line': b'  File "/usr/lib/python3.12/pathlib.py", line 555, in drive\n'}
[3.499767] (custom_interfaces) StderrLine: {'line': b'    return self._drv\n'}
[3.511210] (custom_interfaces) StderrLine: {'line': b'           ^^^^^^^^^\n'}
[3.522357] (custom_interfaces) StderrLine: {'line': b"AttributeError: 'PosixPath' object has no attribute '_drv'\n"}
[3.530868] (custom_interfaces) StderrLine: {'line': b'\n'}
[3.532017] (custom_interfaces) StderrLine: {'line': b'During handling of the above exception, another exception occurred:\n'}
[3.544698] (custom_interfaces) StderrLine: {'line': b'\n'}
[3.562753] (custom_interfaces) StderrLine: {'line': b'Traceback (most recent call last):\n'}
[3.563806] (custom_interfaces) StderrLine: {'line': b'  File "/home/tomccd/Documents/Code/Python/DATN/build/custom_interfaces/ament_cmake_python/custom_interfaces/setup.py", line 4, in <module>\n'}
[3.568698] (custom_interfaces) StderrLine: {'line': b'gmake[1]: *** [CMakeFiles/Makefile2:622: custom_interfaces__py/CMakeFiles/custom_interfaces__py.dir/all] Interrupt\n'}
[3.569636] (custom_interfaces) StderrLine: {'line': b'    setup(\n'}
[3.573915] (custom_interfaces) StderrLine: {'line': b'  File "/usr/lib/python3/dist-packages/setuptools/__init__.py", line 107, in setup\n'}
[3.574990] (custom_interfaces) StderrLine: {'line': b'    return distutils.core.setup(**attrs)\n'}
[3.579316] (custom_interfaces) StderrLine: {'line': b'           ^^^^^^^^^^^^^^^^^^^^^^^^^^^^^\n'}
[3.606181] (-) TimerEvent: {}
[3.606792] (custom_interfaces) StderrLine: {'line': b'  File "/usr/lib/python3/dist-packages/setuptools/_distutils/core.py", line 147, in setup\n'}
[3.607896] (custom_interfaces) StderrLine: {'line': b'    _setup_distribution = dist = klass(attrs)\n'}
[3.619814] (custom_interfaces) StderrLine: {'line': b'                                 ^^^^^^^^^^^^\n'}
[3.652477] (custom_interfaces) StderrLine: {'line': b'  File "/usr/lib/python3/dist-packages/setuptools/dist.py", line 485, in __init__\n'}
[3.658670] (custom_interfaces) StderrLine: {'line': b'    _Distribution.__init__(\n'}
[3.659807] (custom_interfaces) StderrLine: {'line': b'  File "/usr/lib/python3/dist-packages/setuptools/_distutils/dist.py", line 283, in __init__\n'}
[3.683546] (custom_interfaces) StderrLine: {'line': b'    self.finalize_options()\n'}
[3.684681] (custom_interfaces) StderrLine: {'line': b'  File "/usr/lib/python3/dist-packages/setuptools/dist.py", line 922, in finalize_options\n'}
[3.692504] (custom_interfaces) StderrLine: {'line': b'    defined = metadata.entry_points(group=group)\n'}
[3.703380] (custom_interfaces) StderrLine: {'line': b'              ^^^^^^^^^^^^^^^^^^^^^^^^^^^^^^^^^^\n'}
[3.722401] (-) TimerEvent: {}
[3.726579] (custom_interfaces) StderrLine: {'line': b'  File "/usr/lib/python3.12/importlib/metadata/__init__.py", line 913, in entry_points\n'}
[3.733666] (custom_interfaces) StderrLine: {'line': b'    return EntryPoints(eps).select(**params)\n'}
[3.734865] (custom_interfaces) StderrLine: {'line': b'           ^^^^^^^^^^^^^^^^\n'}
[3.753889] (custom_interfaces) StderrLine: {'line': b'  File "/usr/lib/python3.12/importlib/metadata/__init__.py", line 911, in <genexpr>\n'}
[3.782610] (custom_interfaces) StderrLine: {'line': b'    dist.entry_points for dist in _unique(distributions())\n'}
[3.821278] (custom_interfaces) StderrLine: {'line': b'    ^^^^^^^^^^^^^^^^^\n'}
[3.852176] (-) TimerEvent: {}
[3.874283] (custom_interfaces) StderrLine: {'line': b'  File "/usr/lib/python3.12/importlib/metadata/__init__.py", line 471, in entry_points\n'}
[3.934373] (custom_interfaces) StderrLine: {'line': b"    return EntryPoints._from_text_for(self.read_text('entry_points.txt'), self)\n"}
[3.959675] (-) TimerEvent: {}
[3.960565] (custom_interfaces) StderrLine: {'line': b'                                      ^^^^^^^^^^^^^^^^^^^^^^^^^^^^^^^^^^\n'}
[4.005863] (custom_interfaces) StderrLine: {'line': b'  File "/usr/lib/python3.12/importlib/metadata/__init__.py", line 819, in read_text\n'}
[4.006799] (custom_interfaces) StderrLine: {'line': b"    return self._path.joinpath(filename).read_text(encoding='utf-8')\n"}
[4.014964] (custom_interfaces) StderrLine: {'line': b'           ^^^^^^^^^^^^^^^^^^^^^^^^^^^^^^^^^^^^^^^^^^^^^^^^^^^^^^^^^\n'}
[4.026379] (custom_interfaces) StderrLine: {'line': b'  File "/usr/lib/python3.12/pathlib.py", line 1029, in read_text\n'}
[4.027322] (custom_interfaces) StderrLine: {'line': b"    with self.open(mode='r', encoding=encoding, errors=errors) as f:\n"}
[4.051714] (custom_interfaces) StderrLine: {'line': b'         ^^^^^^^^^^^^^^^^^^^^^^^^^^^^^^^^^^^^^^^^^^^^^^^^^^^^^\n'}
[4.052736] (custom_interfaces) StderrLine: {'line': b'  File "/usr/lib/python3.12/pathlib.py", line 1015, in open\n'}
[4.053650] (custom_interfaces) StderrLine: {'line': b'    return io.open(self, mode, buffering, encoding, errors, newline)\n'}
[4.076475] (-) TimerEvent: {}
[4.077162] (custom_interfaces) StderrLine: {'line': b'           ^^^^^^^^^^^^^^^^^^^^^^^^^^^^^^^^^^^^^^^^^^^^^^^^^^^^^^^^^\n'}
[4.100897] (custom_interfaces) StderrLine: {'line': b'  File "/usr/lib/python3.12/pathlib.py", line 448, in __fspath__\n'}
[4.105722] (custom_interfaces) StderrLine: {'line': b'    return str(self)\n'}
[4.126199] (custom_interfaces) StderrLine: {'line': b'           ^^^^^^^^^\n'}
[4.133622] (custom_interfaces) StderrLine: {'line': b'  File "/usr/lib/python3.12/pathlib.py", line 443, in __str__\n'}
[4.177018] (-) TimerEvent: {}
[4.181607] (custom_interfaces) StderrLine: {'line': b'    self._str = self._format_parsed_parts(self.drive, self.root,\n'}
[4.188224] (custom_interfaces) StderrLine: {'line': b'                                          ^^^^^^^^^^\n'}
[4.192327] (custom_interfaces) StderrLine: {'line': b'  File "/usr/lib/python3.12/pathlib.py", line 557, in drive\n'}
[4.201571] (custom_interfaces) StderrLine: {'line': b'    self._load_parts()\n'}
[4.205428] (custom_interfaces) StderrLine: {'line': b'  File "/usr/lib/python3.12/pathlib.py", line 407, in _load_parts\n'}
[4.207490] (custom_interfaces) StderrLine: {'line': b'    def _load_parts(self):\n'}
[4.211884] (custom_interfaces) StderrLine: {'line': b'\n'}
[4.231655] (custom_interfaces) StderrLine: {'line': b'KeyboardInterrupt\n'}
[4.232671] (custom_interfaces) StderrLine: {'line': b'gmake[2]: *** [CMakeFiles/ament_cmake_python_build_custom_interfaces_egg.dir/build.make:70: CMakeFiles/ament_cmake_python_build_custom_interfaces_egg] Interrupt\n'}
[4.233727] (custom_interfaces) StderrLine: {'line': b'gmake[1]: *** [CMakeFiles/Makefile2:478: CMakeFiles/ament_cmake_python_build_custom_interfaces_egg.dir/all] Interrupt\n'}
[4.242115] (custom_interfaces) StderrLine: {'line': b'gmake: *** [Makefile:146: all] Interrupt\n'}
[4.242976] (custom_interfaces) CommandEnded: {'returncode': -2}
[4.277249] (-) TimerEvent: {}
[4.390318] (-) TimerEvent: {}
[4.493936] (-) TimerEvent: {}
[4.616882] (-) TimerEvent: {}
[4.720701] (-) TimerEvent: {}
[4.828732] (-) TimerEvent: {}
[4.939843] (-) TimerEvent: {}
[5.046880] (-) TimerEvent: {}
[5.152299] (-) TimerEvent: {}
[5.261652] (-) TimerEvent: {}
[5.379786] (-) TimerEvent: {}
[5.502914] (-) TimerEvent: {}
[5.568349] (custom_interfaces) JobEnded: {'identifier': 'custom_interfaces', 'rc': 'SIGINT'}
[5.574774] (module_input) JobSkipped: {'identifier': 'module_input'}
[5.575155] (module_log_file) JobSkipped: {'identifier': 'module_log_file'}
[5.576570] (module_motor) JobSkipped: {'identifier': 'module_motor'}
[5.576866] (module_scanning_interface) JobSkipped: {'identifier': 'module_scanning_interface'}
[5.577045] (module_supervisor) JobSkipped: {'identifier': 'module_supervisor'}
[5.577402] (module_weigh) JobSkipped: {'identifier': 'module_weigh'}
[5.578973] (launch_system) JobSkipped: {'identifier': 'launch_system'}
[5.579271] (-) EventReactorShutdown: {}
