[ 50%] [32mBuilding CXX object CMakeFiles/module_log_file.dir/src/module_log_file.cpp.o[0m
[01m[K/home/tomccd/Documents/Code/Python/DATN/Packages/module_log_file/src/module_log_file.cpp:[m[K In member function â€˜[01m[Kstd::string myNode::[01;32m[KcompressFile[m[K(std::string)[m[Kâ€™:
[01m[K/home/tomccd/Documents/Code/Python/DATN/Packages/module_log_file/src/module_log_file.cpp:187:22:[m[K [01;31m[Kerror: [m[Kâ€˜[01m[Kresult[m[Kâ€™ was not declared in this scope
  187 |                  if ([01;31m[Kresult[m[K != 0) {
      |                      [01;31m[K^~~~~~[m[K
[01m[K/home/tomccd/Documents/Code/Python/DATN/Packages/module_log_file/src/module_log_file.cpp:178:30:[m[K [01;35m[Kwarning: [m[Kunused variable â€˜[01m[Kcommand_list[m[Kâ€™ [[01;35m[K]8;;https://gcc.gnu.org/onlinedocs/gcc/Warning-Options.html#index-Wunused-variable-Wunused-variable]8;;[m[K]
  178 |                 const char * [01;35m[Kcommand_list[m[K[] = {
      |                              [01;35m[K^~~~~~~~~~~~[m[K
gmake[2]: *** [CMakeFiles/module_log_file.dir/build.make:76: CMakeFiles/module_log_file.dir/src/module_log_file.cpp.o] Error 1
gmake[1]: *** [CMakeFiles/Makefile2:137: CMakeFiles/module_log_file.dir/all] Error 2
gmake: *** [Makefile:146: all] Error 2
