[0.000000] (-) TimerEvent: {}
[0.001103] (-) JobUnselected: {'identifier': 'custom_interfaces'}
[0.002029] (-) JobUnselected: {'identifier': 'launch_system'}
[0.002631] (-) JobUnselected: {'identifier': 'module_input'}
[0.003106] (-) JobUnselected: {'identifier': 'module_log_file'}
[0.004080] (-) JobUnselected: {'identifier': 'module_scanning_interface'}
[0.004334] (-) JobUnselected: {'identifier': 'module_send_email'}
[0.004481] (-) JobUnselected: {'identifier': 'module_supervisor'}
[0.004936] (-) JobUnselected: {'identifier': 'module_weigh'}
[0.005157] (module_motor) JobQueued: {'identifier': 'module_motor', 'dependencies': OrderedDict({'custom_interfaces': '/home/tomccd/Documents/Code/Python/DATN/install/custom_interfaces'})}
[0.005312] (module_motor) JobStarted: {'identifier': 'module_motor'}
[0.098868] (-) TimerEvent: {}
[0.199830] (-) TimerEvent: {}
[0.300784] (-) TimerEvent: {}
[0.402179] (-) TimerEvent: {}
[0.505152] (-) TimerEvent: {}
[0.606052] (-) TimerEvent: {}
[0.706880] (-) TimerEvent: {}
[0.807593] (-) TimerEvent: {}
[0.908292] (-) TimerEvent: {}
[1.009041] (-) TimerEvent: {}
[1.109795] (-) TimerEvent: {}
[1.210502] (-) TimerEvent: {}
[1.313157] (-) TimerEvent: {}
[1.414352] (-) TimerEvent: {}
[1.515437] (-) TimerEvent: {}
[1.616243] (-) TimerEvent: {}
[1.717503] (-) TimerEvent: {}
[1.818237] (-) TimerEvent: {}
[1.919409] (-) TimerEvent: {}
[2.020410] (-) TimerEvent: {}
[2.121188] (-) TimerEvent: {}
[2.222569] (-) TimerEvent: {}
[2.323342] (-) TimerEvent: {}
[2.425441] (-) TimerEvent: {}
[2.526930] (-) TimerEvent: {}
[2.628478] (-) TimerEvent: {}
[2.729263] (-) TimerEvent: {}
[2.830668] (-) TimerEvent: {}
[2.936019] (-) TimerEvent: {}
[3.037026] (-) TimerEvent: {}
[3.139168] (-) TimerEvent: {}
[3.239985] (-) TimerEvent: {}
[3.340796] (-) TimerEvent: {}
[3.441735] (-) TimerEvent: {}
[3.542464] (-) TimerEvent: {}
[3.643226] (-) TimerEvent: {}
[3.743915] (-) TimerEvent: {}
[3.844535] (-) TimerEvent: {}
[3.945290] (-) TimerEvent: {}
[4.046016] (-) TimerEvent: {}
[4.146726] (-) TimerEvent: {}
[4.247397] (-) TimerEvent: {}
[4.348134] (-) TimerEvent: {}
[4.448784] (-) TimerEvent: {}
[4.549488] (-) TimerEvent: {}
[4.650218] (-) TimerEvent: {}
[4.751082] (-) TimerEvent: {}
[4.851790] (-) TimerEvent: {}
[4.952486] (-) TimerEvent: {}
[5.053180] (-) TimerEvent: {}
[5.153864] (-) TimerEvent: {}
[5.255407] (-) TimerEvent: {}
[5.356170] (-) TimerEvent: {}
[5.457211] (-) TimerEvent: {}
[5.474472] (module_motor) StderrLine: {'line': b'Traceback (most recent call last):\n  File "/usr/lib/python3/dist-packages/colcon_parallel_executor/executor/parallel.py", line 75, in execute\n    loop.run_until_complete(future)\n  File "/usr/lib/python3.12/asyncio/base_events.py", line 674, in run_until_complete\n    self.run_forever()\n  File "/usr/lib/python3.12/asyncio/base_events.py", line 641, in run_forever\n    self._run_once()\n  File "/usr/lib/python3.12/asyncio/base_events.py", line 1949, in _run_once\n    event_list = self._selector.select(timeout)\n                 ^^^^^^^^^^^^^^^^^^^^^^^^^^^^^^\n  File "/usr/lib/python3.12/selectors.py", line 468, in select\n    fd_event_list = self._selector.poll(timeout, max_ev)\n                    ^^^^^^^^^^^^^^^^^^^^^^^^^^^^^^^^^^^^\nKeyboardInterrupt\n\nDuring handling of the above exception, another exception occurred:\n\nTraceback (most recent call last):\n  File "/usr/lib/python3/dist-packages/colcon_core/executor/__init__.py", line 91, in __call__\n    rc = await self.task(*args, **kwargs)\n         ^^^^^^^^^^^^^^^^^^^^^^^^^^^^^^^^\n  File "/usr/lib/python3/dist-packages/colcon_core/task/__init__.py", line 93, in __call__\n    return await task_method(*args, **kwargs)\n           ^^^^^^^^^^^^^^^^^^^^^^^^^^^^^^^^^^\n  File "/usr/lib/python3/dist-packages/colcon_ros/task/ament_python/build.py", line 102, in build\n    return await extension.build(additional_hooks=additional_hooks)\n           ^^^^^^^^^^^^^^^^^^^^^^^^^^^^^^^^^^^^^^^^^^^^^^^^^^^^^^^^\n  File "/usr/lib/python3/dist-packages/colcon_core/task/python/build.py", line 94, in build\n    available_commands = await self._get_available_commands(\n                         ^^^^^^^^^^^^^^^^^^^^^^^^^^^^^^^^^^^\n  File "/usr/lib/python3/dist-packages/colcon_core/task/python/build.py", line 192, in _get_available_commands\n    output = await check_output(\n             ^^^^^^^^^^^^^^^^^^^\n  File "/usr/lib/python3/dist-packages/colcon_core/subprocess.py", line 129, in check_output\n    assert not rc, f\'Expected {args} to pass: {stderr_data}\'\n           ^^^^^^\nAssertionError: Expected [\'/usr/bin/python3\', \'-W\', \'ignore:setup.py install is deprecated\', \'setup.py\', \'--help-commands\'] to pass: \n'}
[5.478194] (module_motor) JobEnded: {'identifier': 'module_motor', 'rc': 'SIGINT'}
[5.487057] (-) EventReactorShutdown: {}
