[ 50%] [32mBuilding CXX object CMakeFiles/module_log_file.dir/src/module_log_file.cpp.o[0m
[01m[K/home/tomccd/Documents/Code/Python/DATN/Packages/module_log_file/src/module_log_file.cpp:[m[K In member function â€˜[01m[Kvoid myNode::[01;32m[KterminateMsg[m[K(custom_interfaces::msg::TerminateSys)[m[Kâ€™:
[01m[K/home/tomccd/Documents/Code/Python/DATN/Packages/module_log_file/src/module_log_file.cpp:72:62:[m[K [01;31m[Kerror: [m[Kno matching function for call to â€˜[01m[KmyNode::compressFile(std::string&)[m[Kâ€™
   72 |                     std::string cpressFileName = [01;31m[KcompressFile(log_file_name)[m[K;
      |                                                  [01;31m[K~~~~~~~~~~~~^~~~~~~~~~~~~~~[m[K
[01m[K/home/tomccd/Documents/Code/Python/DATN/Packages/module_log_file/src/module_log_file.cpp:168:21:[m[K [01;36m[Knote: [m[Kcandidate: â€˜[01m[Kstd::string myNode::[01;32m[KcompressFile[m[K(std::string, std::string)[m[Kâ€™
  168 |         std::string [01;36m[KcompressFile[m[K(std::string file_name, std::string log_dir_current){
      |                     [01;36m[K^~~~~~~~~~~~[m[K
[01m[K/home/tomccd/Documents/Code/Python/DATN/Packages/module_log_file/src/module_log_file.cpp:168:21:[m[K [01;36m[Knote: [m[K  candidate expects 2 arguments, 1 provided
gmake[2]: *** [CMakeFiles/module_log_file.dir/build.make:76: CMakeFiles/module_log_file.dir/src/module_log_file.cpp.o] Error 1
gmake[1]: *** [CMakeFiles/Makefile2:137: CMakeFiles/module_log_file.dir/all] Error 2
gmake: *** [Makefile:146: all] Error 2
