[0.111s] Invoking command in '/home/tomccd/Documents/Code/Python/DATN/build/module_log_file': AMENT_PREFIX_PATH=/home/tomccd/Documents/Code/Python/DATN/install/custom_interfaces:${AMENT_PREFIX_PATH} CMAKE_PREFIX_PATH=/home/tomccd/Documents/Code/Python/DATN/install/custom_interfaces:/opt/ros/jazzy/opt/gz_math_vendor:/opt/ros/jazzy/opt/gz_utils_vendor:/opt/ros/jazzy/opt/gz_cmake_vendor:/opt/ros/jazzy DEBUGINFOD_URLS=https://debuginfod.ubuntu.com LD_LIBRARY_PATH=/home/tomccd/Documents/Code/Python/DATN/install/custom_interfaces/lib:${LD_LIBRARY_PATH} PYTHONPATH=/home/tomccd/Documents/Code/Python/DATN/install/custom_interfaces/lib/python3.12/site-packages:${PYTHONPATH} /usr/bin/cmake --build /home/tomccd/Documents/Code/Python/DATN/build/module_log_file -- -j4 -l4
[0.587s] [ 50%] [32mBuilding CXX object CMakeFiles/module_log_file.dir/src/module_log_file.cpp.o[0m
[13.960s] [01m[K/home/tomccd/Documents/Code/Python/DATN/Packages/module_log_file/src/module_log_file.cpp:[m[K In member function â€˜[01m[Kvoid myNode::[01;32m[KterminateMsg[m[K(custom_interfaces::msg::TerminateSys)[m[Kâ€™:
[13.961s] [01m[K/home/tomccd/Documents/Code/Python/DATN/Packages/module_log_file/src/module_log_file.cpp:72:62:[m[K [01;31m[Kerror: [m[Kno matching function for call to â€˜[01m[KmyNode::compressFile(std::string&)[m[Kâ€™
[13.961s]    72 |                     std::string cpressFileName = [01;31m[KcompressFile(log_file_name)[m[K;
[13.962s]       |                                                  [01;31m[K~~~~~~~~~~~~^~~~~~~~~~~~~~~[m[K
[13.963s] [01m[K/home/tomccd/Documents/Code/Python/DATN/Packages/module_log_file/src/module_log_file.cpp:168:21:[m[K [01;36m[Knote: [m[Kcandidate: â€˜[01m[Kstd::string myNode::[01;32m[KcompressFile[m[K(std::string, std::string)[m[Kâ€™
[13.963s]   168 |         std::string [01;36m[KcompressFile[m[K(std::string file_name, std::string log_dir_current){
[13.964s]       |                     [01;36m[K^~~~~~~~~~~~[m[K
[13.965s] [01m[K/home/tomccd/Documents/Code/Python/DATN/Packages/module_log_file/src/module_log_file.cpp:168:21:[m[K [01;36m[Knote: [m[K  candidate expects 2 arguments, 1 provided
[24.919s] gmake[2]: *** [CMakeFiles/module_log_file.dir/build.make:76: CMakeFiles/module_log_file.dir/src/module_log_file.cpp.o] Error 1
[24.920s] gmake[1]: *** [CMakeFiles/Makefile2:137: CMakeFiles/module_log_file.dir/all] Error 2
[24.921s] gmake: *** [Makefile:146: all] Error 2
[24.930s] Invoked command in '/home/tomccd/Documents/Code/Python/DATN/build/module_log_file' returned '2': AMENT_PREFIX_PATH=/home/tomccd/Documents/Code/Python/DATN/install/custom_interfaces:${AMENT_PREFIX_PATH} CMAKE_PREFIX_PATH=/home/tomccd/Documents/Code/Python/DATN/install/custom_interfaces:/opt/ros/jazzy/opt/gz_math_vendor:/opt/ros/jazzy/opt/gz_utils_vendor:/opt/ros/jazzy/opt/gz_cmake_vendor:/opt/ros/jazzy DEBUGINFOD_URLS=https://debuginfod.ubuntu.com LD_LIBRARY_PATH=/home/tomccd/Documents/Code/Python/DATN/install/custom_interfaces/lib:${LD_LIBRARY_PATH} PYTHONPATH=/home/tomccd/Documents/Code/Python/DATN/install/custom_interfaces/lib/python3.12/site-packages:${PYTHONPATH} /usr/bin/cmake --build /home/tomccd/Documents/Code/Python/DATN/build/module_log_file -- -j4 -l4
