[01m[K/home/tomccd/Documents/Code/Python/DATN/Packages/module_log_file/src/module_log_file.cpp:81:50:[m[K [01;31m[Kerror: [m[Kinvalid operands of types â€˜[01m[Kconst char [13][m[Kâ€™ and â€˜[01m[Kconst char [17][m[Kâ€™ to binary â€˜[01m[Koperator+[m[Kâ€™
   81 |         std::string log_dir_ros = [32m[K"/home/tomccd"[m[K [01;31m[K+[m[K [34m[K"/.ros/log/latest"[m[K;
      |                                   [32m[K~~~~~~~~~~~~~~[m[K [01;31m[K^[m[K [34m[K~~~~~~~~~~~~~~~~~~[m[K
      |                                   [32m[K|[m[K                [34m[K|[m[K
      |                                   [32m[Kconst char [13][m[K  [34m[Kconst char [17][m[K
gmake[2]: *** [CMakeFiles/module_log_file.dir/build.make:76: CMakeFiles/module_log_file.dir/src/module_log_file.cpp.o] Error 1
gmake[1]: *** [CMakeFiles/Makefile2:137: CMakeFiles/module_log_file.dir/all] Error 2
gmake: *** [Makefile:146: all] Error 2
