[01m[K/home/tomccd/Documents/Code/Python/DATN/Packages/module_log_file/src/module_log_file.cpp:[m[K In member function â€˜[01m[Kvoid myNode::[01;32m[KterminateMsg[m[K(custom_interfaces::msg::TerminateSys)[m[Kâ€™:
[01m[K/home/tomccd/Documents/Code/Python/DATN/Packages/module_log_file/src/module_log_file.cpp:72:25:[m[K [01;31m[Kerror: [m[Kâ€˜[01m[KcpressFileName[m[Kâ€™ was not declared in this scope; did you mean â€˜[01m[KsendFileName[m[Kâ€™?
   72 |                     if ([01;31m[KcpressFileName[m[K != ""){
      |                         [01;31m[K^~~~~~~~~~~~~~[m[K
      |                         [32m[KsendFileName[m[K
[01m[K/home/tomccd/Documents/Code/Python/DATN/Packages/module_log_file/src/module_log_file.cpp:[m[K In member function â€˜[01m[Kstd::string myNode::[01;32m[KcompressFile[m[K(std::string)[m[Kâ€™:
[01m[K/home/tomccd/Documents/Code/Python/DATN/Packages/module_log_file/src/module_log_file.cpp:158:42:[m[K [01;35m[Kwarning: [m[KISO C++ forbids converting a string constant to â€˜[01m[Kchar*[m[Kâ€™ [[01;35m[K]8;;https://gcc.gnu.org/onlinedocs/gcc/Warning-Options.html#index-Wwrite-strings-Wwrite-strings]8;;[m[K]
  158 |                 char *argument_list[] = {[01;35m[K"/bin/bash"[m[K,"-c",strdup(str_cmd.c_str()),NULL};
      |                                          [01;35m[K^~~~~~~~~~~[m[K
[01m[K/home/tomccd/Documents/Code/Python/DATN/Packages/module_log_file/src/module_log_file.cpp:158:54:[m[K [01;35m[Kwarning: [m[KISO C++ forbids converting a string constant to â€˜[01m[Kchar*[m[Kâ€™ [[01;35m[K]8;;https://gcc.gnu.org/onlinedocs/gcc/Warning-Options.html#index-Wwrite-strings-Wwrite-strings]8;;[m[K]
  158 |                 char *argument_list[] = {"/bin/bash",[01;35m[K"-c"[m[K,strdup(str_cmd.c_str()),NULL};
      |                                                      [01;35m[K^~~~[m[K
gmake[2]: *** [CMakeFiles/module_log_file.dir/build.make:76: CMakeFiles/module_log_file.dir/src/module_log_file.cpp.o] Error 1
gmake[1]: *** [CMakeFiles/Makefile2:137: CMakeFiles/module_log_file.dir/all] Error 2
gmake: *** [Makefile:146: all] Error 2
